INFO 2026-01-11 08:00:00,010 tasks --- Iniciando Monitoreo Automático: 2026-01-11 08:00:00.010342 ---
INFO 2026-01-11 08:00:00,704 tasks CLIENTE: LOZADA ALTAMIRANO DARWIN JAVIER | ID: 1 | Consumo: 22 facturas
INFO 2026-01-11 08:00:00,777 tasks CLIENTE: CORPORACIÓN MENATICS | ID: 2 | Consumo: 0 facturas
INFO 2026-01-11 08:00:00,849 tasks CLIENTE: COLLAGUAZO ANDRANGO ALEXIS XAVIER | ID: 3 | Consumo: 0 facturas
INFO 2026-01-11 08:00:01,094 tasks CLIENTE: CALDERON ROBALINO DIANA MARCELA | ID: 10003 | Consumo: 25 facturas
INFO 2026-01-11 08:00:01,321 tasks CLIENTE: SILVA ROSERO MORELIA JACQUELINE | ID: 10004 | Consumo: 6 facturas
INFO 2026-01-11 08:00:01,615 tasks CLIENTE: CONSTRUC TRANSVIALDACORP S.A.S. | ID: 10005 | Consumo: 8 facturas
INFO 2026-01-11 08:00:01,854 tasks CLIENTE: WASHINGTON WALTER ZUMBA MAZON | ID: 10006 | Consumo: 19 facturas
INFO 2026-01-11 08:00:02,098 tasks CLIENTE: GUANOLUISA CONDOR MONICA JANNETH | ID: 10007 | Consumo: 27 facturas
INFO 2026-01-11 08:00:02,177 tasks CLIENTE: GALLARDO ESPIN AMILCAR ANTONIO | ID: 20005 | Consumo: 22 facturas
INFO 2026-01-11 08:00:02,411 tasks CLIENTE: DUQUE TORRES DIEGO HERNAN | ID: 20006 | Consumo: 17 facturas
INFO 2026-01-11 08:00:02,714 tasks CLIENTE: GALO VITERI - VIP IMPORTACIONES | ID: 20007 | Consumo: 16 facturas
INFO 2026-01-11 08:00:02,835 tasks CLIENTE: CASTRO FIALLOS SILVER ROYEN | ID: 20008 | Consumo: 11 facturas
INFO 2026-01-11 08:00:03,076 tasks CLIENTE: MORA MESTANZA FLOR DE MARIA | ID: 20009 | Consumo: 2 facturas
INFO 2026-01-11 08:00:03,301 tasks CLIENTE: SEVILLA MENECES HECTOR DANILO | ID: 20010 | Consumo: 0 facturas
INFO 2026-01-11 08:00:03,547 tasks CLIENTE: LUJE MOROCHO CLARA LIZBETH | ID: 20011 | Consumo: 14 facturas
INFO 2026-01-11 08:00:03,815 tasks CLIENTE: ORTIZ SOLIS JUAN PATRICIO | ID: 20014 | Consumo: 5 facturas
INFO 2026-01-11 08:00:03,936 tasks CLIENTE: CHOCHO ESPARZA VICTOR HUGO | ID: 20015 | Consumo: 12 facturas
INFO 2026-01-11 08:00:04,197 tasks CLIENTE: GAVILANEZ VILLEGAS VICTOR ORLANDO | ID: 20016 | Consumo: 11 facturas
INFO 2026-01-11 08:00:04,420 tasks CLIENTE: ZAMBRANO BRAVO JAVIER FABRICIO | ID: 20017 | Consumo: 8 facturas
INFO 2026-01-11 08:00:04,648 tasks CLIENTE: SINCHIGUANO PANCHI EDMUNDO RENAN | ID: 20018 | Consumo: 7 facturas
INFO 2026-01-11 08:00:04,872 tasks CLIENTE: JINES MAYORGA LUIS ALBERTO | ID: 20019 | Consumo: 10 facturas
INFO 2026-01-11 08:00:05,108 tasks CLIENTE: COOPERATIVA DE TAXIS BAKKER II | ID: 20020 | Consumo: 9 facturas
INFO 2026-01-11 08:00:05,333 tasks CLIENTE: CAMPAÑA ROBAYO ANGELITO | ID: 20021 | Consumo: 8 facturas
INFO 2026-01-11 08:00:05,565 tasks CLIENTE: SALAZAR LLERENA MAYRA CRISTINA | ID: 20022 | Consumo: 17 facturas
INFO 2026-01-11 08:00:05,863 tasks CLIENTE: PESANTEZ QUIJIJE VERONICA MICHELLE | ID: 20023 | Consumo: 7 facturas
INFO 2026-01-11 08:00:06,097 tasks CLIENTE: AYALA PARRA ALISON MARIBEL | ID: 20024 | Consumo: 0 facturas
INFO 2026-01-11 08:00:06,314 tasks CLIENTE: COMPAÑIA DE TRANSPORTE PESADO RIVERAS DEL TUNGURAHUA RITUNG S.A | ID: 20025 | Consumo: 2 facturas
INFO 2026-01-11 08:00:06,559 tasks CLIENTE: SEVILLA VARGAS HECTOR GAVINO | ID: 20027 | Consumo: 17 facturas
INFO 2026-01-11 08:00:06,783 tasks CLIENTE: JARAMILLO MENA WILSON RENE | ID: 20028 | Consumo: 17 facturas
INFO 2026-01-11 08:00:07,023 tasks CLIENTE: VILLARREAL CHALACAN ISIDRO ORLANDO | ID: 20029 | Consumo: 30 facturas
INFO 2026-01-11 08:00:07,253 tasks CLIENTE: PROAÑO JIMENEZ LUIS FRANCISCO | ID: 20030 | Consumo: 22 facturas
INFO 2026-01-11 08:00:07,478 tasks CLIENTE: GALARZA ULPO LUDWIN JOSELITO | ID: 20031 | Consumo: 25 facturas
INFO 2026-01-11 08:00:07,710 tasks CLIENTE: TERAN BURNEO MARIA ELIZABETH | ID: 20032 | Consumo: 18 facturas
INFO 2026-01-11 08:00:07,937 tasks CLIENTE: COLLANTES SALGADO SANDRA LIZ | ID: 20033 | Consumo: 21 facturas
INFO 2026-01-11 08:00:08,009 tasks CLIENTE: PALATE SAILEMA WILSON RODRIGO | ID: 20037 | Consumo: 7 facturas
INFO 2026-01-11 08:00:08,248 tasks CLIENTE: AZOGUE CHISAG JORGE ANIBAL | ID: 20038 | Consumo: 2 facturas
INFO 2026-01-11 08:00:08,504 tasks CLIENTE: GUERRERO FREIRE GUIDO FERNANDO | ID: 20039 | Consumo: 8 facturas
INFO 2026-01-11 08:00:08,737 tasks CLIENTE: YANEZ ALVARADO SAYLA ALEXANDRA | ID: 20040 | Consumo: 6 facturas
INFO 2026-01-11 08:00:08,953 tasks CLIENTE: FREIRE ARIAS GLADYS EMERITA | ID: 20041 | Consumo: 12 facturas
INFO 2026-01-11 08:00:09,267 tasks CLIENTE: ORTIZ MENDEZ LUIS RODIAN | ID: 20042 | Consumo: 11 facturas
INFO 2026-01-11 08:00:09,508 tasks CLIENTE: VELASCO WILFRIDO HUMBERTO | ID: 20043 | Consumo: 26 facturas
INFO 2026-01-11 08:00:09,721 tasks CLIENTE: MULLO ANGOS JUAN FRANCISCO | ID: 20044 | Consumo: 17 facturas
INFO 2026-01-11 08:00:09,953 tasks CLIENTE: COFRE CHANGO SANDRA CECILIA | ID: 20045 | Consumo: 21 facturas
INFO 2026-01-11 08:00:10,194 tasks CLIENTE: GUAMANGALLO QUINGATUÑA CESAR AUGUSTO | ID: 20046 | Consumo: 19 facturas
INFO 2026-01-11 08:00:10,410 tasks CLIENTE: CAPUZ LLAMBO JAIRO OSWALDO | ID: 20047 | Consumo: 38 facturas
INFO 2026-01-11 08:00:10,410 tasks --- Fin del Monitoreo. Procesados: 45 | Exitos: 45 | Errores: 0 ---
