08:00:00 [INFO] ==================================================
08:00:00 [INFO] INICIO EJECUCIÓN TAREA: 2026-01-26 08:00:00.008782
08:00:00 [INFO] ==================================================
08:00:00 [INFO] --- Ejecutando Monitoreo de Estados: 2026-01-26 ---
08:00:00 [INFO] [OK] LOZADA ALTAMIRANO DARWIN JAVIER: 22 facturas.
08:00:00 [INFO] [OK] CORPORACIÓN MENATICS: 0 facturas.
08:00:00 [INFO] [OK] COLLAGUAZO ANDRANGO ALEXIS XAVIER: 0 facturas.
08:00:01 [INFO] [OK] CALDERON ROBALINO DIANA MARCELA: 25 facturas.
08:00:01 [INFO] [OK] SILVA ROSERO MORELIA JACQUELINE: 6 facturas.
08:00:01 [INFO] [OK] CONSTRUC TRANSVIALDACORP S.A.S.: 8 facturas.
08:00:01 [INFO] [OK] WASHINGTON WALTER ZUMBA MAZON: 19 facturas.
08:00:01 [INFO] [OK] GUANOLUISA CONDOR MONICA JANNETH: 27 facturas.
08:00:02 [INFO] [OK] GALLARDO ESPIN AMILCAR ANTONIO: 22 facturas.
08:00:02 [INFO] [OK] DUQUE TORRES DIEGO HERNAN: 17 facturas.
08:00:02 [INFO] [OK] GALO VITERI - VIP IMPORTACIONES: 16 facturas.
08:00:02 [INFO] [OK] CASTRO FIALLOS SILVER ROYEN: 11 facturas.
08:00:03 [INFO] [OK] MORA MESTANZA FLOR DE MARIA: 2 facturas.
08:00:03 [INFO] [OK] SEVILLA MENECES HECTOR DANILO: 0 facturas.
08:00:03 [INFO] [OK] LUJE MOROCHO CLARA LIZBETH: 14 facturas.
08:00:03 [INFO] [OK] ORTIZ SOLIS JUAN PATRICIO: 5 facturas.
08:00:03 [INFO] [OK] CHOCHO ESPARZA VICTOR HUGO: 12 facturas.
08:00:04 [INFO] [OK] GAVILANEZ VILLEGAS VICTOR ORLANDO: 11 facturas.
08:00:04 [INFO] [OK] ZAMBRANO BRAVO JAVIER FABRICIO: 8 facturas.
08:00:04 [INFO] [OK] SINCHIGUANO PANCHI EDMUNDO RENAN: 7 facturas.
08:00:04 [INFO] [OK] JINES MAYORGA LUIS ALBERTO: 10 facturas.
08:00:04 [INFO] [OK] COOPERATIVA DE TAXIS BAKKER II: 9 facturas.
08:00:05 [INFO] [OK] CAMPAÑA ROBAYO ANGELITO: 8 facturas.
08:00:05 [INFO] [OK] SALAZAR LLERENA MAYRA CRISTINA: 17 facturas.
08:00:05 [INFO] [OK] PESANTEZ QUIJIJE VERONICA MICHELLE: 7 facturas.
08:00:05 [INFO] [OK] AYALA PARRA ALISON MARIBEL: 0 facturas.
08:00:05 [INFO] [OK] COMPAÑIA DE TRANSPORTE PESADO RIVERAS DEL TUNGURAHUA RITUNG S.A: 2 facturas.
08:00:06 [INFO] [OK] SEVILLA VARGAS HECTOR GAVINO: 17 facturas.
08:00:06 [INFO] [OK] JARAMILLO MENA WILSON RENE: 17 facturas.
08:00:06 [INFO] [OK] VILLARREAL CHALACAN ISIDRO ORLANDO: 30 facturas.
08:00:06 [INFO] [OK] PROAÑO JIMENEZ LUIS FRANCISCO: 22 facturas.
08:00:06 [INFO] -> CAMBIO ESTADO AUTOMÁTICO: GALARZA ULPO LUDWIN JOSELITO. (Vence en 1 días).
08:00:07 [INFO] [OK] GALARZA ULPO LUDWIN JOSELITO: 25 facturas.
08:00:07 [INFO] -> CAMBIO ESTADO AUTOMÁTICO: TERAN BURNEO MARIA ELIZABETH. (Vence en 4 días).
08:00:07 [INFO] [OK] TERAN BURNEO MARIA ELIZABETH: 18 facturas.
08:00:07 [INFO] [OK] COLLANTES SALGADO SANDRA LIZ: 21 facturas.
08:00:07 [INFO] [OK] PALATE SAILEMA WILSON RODRIGO: 7 facturas.
08:00:07 [INFO] [OK] AZOGUE CHISAG JORGE ANIBAL: 2 facturas.
08:00:08 [INFO] [OK] GUERRERO FREIRE GUIDO FERNANDO: 8 facturas.
08:00:08 [INFO] [OK] YANEZ ALVARADO SAYLA ALEXANDRA: 6 facturas.
08:00:08 [INFO] [OK] FREIRE ARIAS GLADYS EMERITA: 12 facturas.
08:00:08 [INFO] [OK] ORTIZ MENDEZ LUIS RODIAN: 11 facturas.
08:00:08 [INFO] [OK] VELASCO WILFRIDO HUMBERTO: 26 facturas.
08:00:09 [INFO] [OK] MULLO ANGOS JUAN FRANCISCO: 17 facturas.
08:00:09 [INFO] [OK] COFRE CHANGO SANDRA CECILIA: 21 facturas.
08:00:10 [INFO] [OK] GUAMANGALLO QUINGATUÑA CESAR AUGUSTO: 19 facturas.
08:00:10 [INFO] -> CAMBIO ESTADO AUTOMÁTICO: CAPUZ LLAMBO JAIRO OSWALDO. (Vence en 5 días).
08:00:10 [INFO] [OK] CAPUZ LLAMBO JAIRO OSWALDO: 38 facturas.
08:00:10 [INFO] --------------------------------------------------
08:00:10 [INFO] RESUMEN FINAL: Clientes procesados: 45
08:00:10 [INFO]    - Estados cambiados a Pendiente: 3
08:00:10 [INFO]    - Lecturas SQL exitosas: 45
08:00:10 [INFO]    - Errores encontrados: 0
08:00:10 [INFO] FIN EJECUCIÓN: 2026-01-26 08:00:10.379751
08:00:10 [INFO] ==================================================
